#
# There is insufficient memory for the Java Runtime Environment to continue.
# Native memory allocation (malloc) failed to allocate 32744 bytes for ChunkPool::allocate
# Possible reasons:
#   The system is out of physical RAM or swap space
#   In 32 bit mode, the process size limit was hit
# Possible solutions:
#   Reduce memory load on the system
#   Increase physical memory or swap space
#   Check if swap backing store is full
#   Use 64 bit Java on a 64 bit OS
#   Decrease Java heap size (-Xmx/-Xms)
#   Decrease number of Java threads
#   Decrease Java thread stack sizes (-Xss)
#   Set larger code cache with -XX:ReservedCodeCacheSize=
# This output file may be truncated or incomplete.
#
#  Out of Memory Error (allocation.cpp:273), pid=12476, tid=0x0000000000001ec8
#
# JRE version: Java(TM) SE Runtime Environment (8.0_172-b11) (build 1.8.0_172-b11)
# Java VM: Java HotSpot(TM) 64-Bit Server VM (25.172-b11 mixed mode windows-amd64 compressed oops)
# Failed to write core dump. Minidumps are not enabled by default on client versions of Windows
#

---------------  T H R E A D  ---------------

Current thread (0x000000001667c000):  JavaThread "C1 CompilerThread2" daemon [_thread_in_native, id=7880, stack(0x0000000017ee0000,0x0000000017fe0000)]

Stack: [0x0000000017ee0000,0x0000000017fe0000]
[error occurred during error reporting (printing stack bounds), id 0xc0000005]

Native frames: (J=compiled Java code, j=interpreted, Vv=VM code, C=native code)


Current CompileTask:
C1:  23776 2213   !   3       javax.swing.JComponent::paintChildren (669 bytes)


---------------  P R O C E S S  ---------------

Java Threads: ( => current thread )
  0x0000000018bcb000 JavaThread "Image Fetcher 1" daemon [_thread_blocked, id=11484, stack(0x000000001c790000,0x000000001c890000)]
  0x0000000018bb9800 JavaThread "Image Fetcher 0" daemon [_thread_blocked, id=9496, stack(0x000000001c690000,0x000000001c790000)]
  0x000000001817d800 JavaThread "Abandoned connection cleanup thread" daemon [_thread_blocked, id=9112, stack(0x000000001c190000,0x000000001c290000)]
  0x0000000019c13000 JavaThread "TimerQueue" daemon [_thread_blocked, id=7772, stack(0x000000001c090000,0x000000001c190000)]
  0x000000000102d800 JavaThread "DestroyJavaVM" [_thread_blocked, id=13484, stack(0x0000000002d20000,0x0000000002e20000)]
  0x0000000018794000 JavaThread "AWT-EventQueue-0" [_thread_blocked, id=9628, stack(0x0000000019640000,0x0000000019740000)]
  0x00000000183cc000 JavaThread "AWT-Windows" daemon [_thread_in_native, id=11040, stack(0x0000000019140000,0x0000000019240000)]
  0x00000000183c1000 JavaThread "AWT-Shutdown" [_thread_blocked, id=14608, stack(0x0000000019040000,0x0000000019140000)]
  0x00000000183c0000 JavaThread "Java2D Disposer" daemon [_thread_blocked, id=1196, stack(0x0000000018f40000,0x0000000019040000)]
  0x0000000018008800 JavaThread "Service Thread" daemon [_thread_blocked, id=13896, stack(0x00000000183e0000,0x00000000184e0000)]
=>0x000000001667c000 JavaThread "C1 CompilerThread2" daemon [_thread_in_native, id=7880, stack(0x0000000017ee0000,0x0000000017fe0000)]
  0x0000000016673800 JavaThread "C2 CompilerThread1" daemon [_thread_in_native, id=8304, stack(0x0000000017de0000,0x0000000017ee0000)]
  0x000000001666d000 JavaThread "C2 CompilerThread0" daemon [_thread_in_native, id=220, stack(0x0000000017ce0000,0x0000000017de0000)]
  0x000000001666a800 JavaThread "Attach Listener" daemon [_thread_blocked, id=7336, stack(0x0000000017be0000,0x0000000017ce0000)]
  0x0000000016669800 JavaThread "Signal Dispatcher" daemon [_thread_blocked, id=14376, stack(0x0000000017ae0000,0x0000000017be0000)]
  0x0000000002fea800 JavaThread "Finalizer" daemon [_thread_blocked, id=8016, stack(0x00000000178c0000,0x00000000179c0000)]
  0x0000000016639000 JavaThread "Reference Handler" daemon [_thread_blocked, id=9708, stack(0x00000000177c0000,0x00000000178c0000)]

Other Threads:
  0x0000000016637800 VMThread [stack: 0x00000000176c0000,0x00000000177c0000] [id=13392]
  0x0000000016688800 WatcherThread [stack: 0x0000000018640000,0x0000000018740000] [id=8464]

VM state:not at safepoint (normal execution)

VM Mutex/Monitor currently owned by a thread: None

Heap:
 PSYoungGen      total 37376K, used 16683K [0x00000000e1b80000, 0x00000000e4e80000, 0x0000000100000000)
  eden space 33792K, 49% used [0x00000000e1b80000,0x00000000e2bcac40,0x00000000e3c80000)
  from space 3584K, 0% used [0x00000000e4b00000,0x00000000e4b00000,0x00000000e4e80000)
  to   space 3584K, 0% used [0x00000000e4780000,0x00000000e4780000,0x00000000e4b00000)
 ParOldGen       total 131584K, used 36347K [0x00000000a5200000, 0x00000000ad280000, 0x00000000e1b80000)
  object space 131584K, 27% used [0x00000000a5200000,0x00000000a757eed8,0x00000000ad280000)
 Metaspace       used 18471K, capacity 18708K, committed 19072K, reserved 1067008K
  class space    used 2256K, capacity 2332K, committed 2432K, reserved 1048576K

Card table byte_map: [0x00000000123b0000,0x0000000012690000] byte_map_base: 0x0000000011e87000

Marking Bits: (ParMarkBitMap*) 0x0000000062be3c10
 Begin Bits: [0x0000000012c80000, 0x0000000014338000)
 End Bits:   [0x0000000014338000, 0x00000000159f0000)

Polling page: 0x0000000000fd0000

CodeCache: size=245760Kb used=6910Kb max_used=6910Kb free=238849Kb
 bounds [0x0000000002ff0000, 0x00000000036c0000, 0x0000000011ff0000]
 total_blobs=2699 nmethods=2113 adapters=497
 compilation: enabled

Compilation events (10 events):
Event: 23.652 Thread 0x000000001667c000 nmethod 2208 0x00000000036b08d0 code [0x00000000036b0a20, 0x00000000036b0b30]
Event: 23.653 Thread 0x000000001667c000 2209       3       sun.font.FontDesignMetrics::getAscent (10 bytes)
Event: 23.654 Thread 0x000000001667c000 nmethod 2209 0x00000000036b0b90 code [0x00000000036b0d00, 0x00000000036b0e90]
Event: 23.654 Thread 0x000000001667c000 2210       3       java.awt.Component::notifyNewBounds (129 bytes)
Event: 23.657 Thread 0x000000001667c000 nmethod 2210 0x00000000036b0f10 code [0x00000000036b12a0, 0x00000000036b3148]
Event: 23.657 Thread 0x000000001667c000 2211       3       java.awt.Component::repaintParentIfNeeded (41 bytes)
Event: 23.658 Thread 0x000000001667c000 nmethod 2211 0x00000000036b3e90 code [0x00000000036b4040, 0x00000000036b46a8]
Event: 23.666 Thread 0x000000001667c000 2212       3       sun.java2d.SunGraphics2D::transformShape (36 bytes)
Event: 23.667 Thread 0x000000001667c000 nmethod 2212 0x00000000036b4810 code [0x00000000036b4980, 0x00000000036b4bf8]
Event: 23.669 Thread 0x000000001667c000 2213   !   3       javax.swing.JComponent::paintChildren (669 bytes)

GC Heap History (10 events):
Event: 3.702 GC heap before
{Heap before GC invocations=2 (full 0):
 PSYoungGen      total 27648K, used 27399K [0x00000000e1b80000, 0x00000000e5180000, 0x0000000100000000)
  eden space 24064K, 100% used [0x00000000e1b80000,0x00000000e3300000,0x00000000e3300000)
  from space 3584K, 93% used [0x00000000e3300000,0x00000000e3641f88,0x00000000e3680000)
  to   space 3584K, 0% used [0x00000000e4e00000,0x00000000e4e00000,0x00000000e5180000)
 ParOldGen       total 62976K, used 25718K [0x00000000a5200000, 0x00000000a8f80000, 0x00000000e1b80000)
  object space 62976K, 40% used [0x00000000a5200000,0x00000000a6b1d8d0,0x00000000a8f80000)
 Metaspace       used 12759K, capacity 12998K, committed 13312K, reserved 1060864K
  class space    used 1624K, capacity 1709K, committed 1792K, reserved 1048576K
Event: 3.723 GC heap after
Heap after GC invocations=2 (full 0):
 PSYoungGen      total 27648K, used 3570K [0x00000000e1b80000, 0x00000000e5180000, 0x0000000100000000)
  eden space 24064K, 0% used [0x00000000e1b80000,0x00000000e1b80000,0x00000000e3300000)
  from space 3584K, 99% used [0x00000000e4e00000,0x00000000e517cbc8,0x00000000e5180000)
  to   space 3584K, 0% used [0x00000000e3300000,0x00000000e3300000,0x00000000e3680000)
 ParOldGen       total 62976K, used 49673K [0x00000000a5200000, 0x00000000a8f80000, 0x00000000e1b80000)
  object space 62976K, 78% used [0x00000000a5200000,0x00000000a8282790,0x00000000a8f80000)
 Metaspace       used 12759K, capacity 12998K, committed 13312K, reserved 1060864K
  class space    used 1624K, capacity 1709K, committed 1792K, reserved 1048576K
}
Event: 3.723 GC heap before
{Heap before GC invocations=3 (full 1):
 PSYoungGen      total 27648K, used 3570K [0x00000000e1b80000, 0x00000000e5180000, 0x0000000100000000)
  eden space 24064K, 0% used [0x00000000e1b80000,0x00000000e1b80000,0x00000000e3300000)
  from space 3584K, 99% used [0x00000000e4e00000,0x00000000e517cbc8,0x00000000e5180000)
  to   space 3584K, 0% used [0x00000000e3300000,0x00000000e3300000,0x00000000e3680000)
 ParOldGen       total 62976K, used 49673K [0x00000000a5200000, 0x00000000a8f80000, 0x00000000e1b80000)
  object space 62976K, 78% used [0x00000000a5200000,0x00000000a8282790,0x00000000a8f80000)
 Metaspace       used 12759K, capacity 12998K, committed 13312K, reserved 1060864K
  class space    used 1624K, capacity 1709K, committed 1792K, reserved 1048576K
Event: 3.762 GC heap after
Heap after GC invocations=3 (full 1):
 PSYoungGen      total 27648K, used 0K [0x00000000e1b80000, 0x00000000e5180000, 0x0000000100000000)
  eden space 24064K, 0% used [0x00000000e1b80000,0x00000000e1b80000,0x00000000e3300000)
  from space 3584K, 0% used [0x00000000e4e00000,0x00000000e4e00000,0x00000000e5180000)
  to   space 3584K, 0% used [0x00000000e3300000,0x00000000e3300000,0x00000000e3680000)
 ParOldGen       total 84992K, used 21670K [0x00000000a5200000, 0x00000000aa500000, 0x00000000e1b80000)
  object space 84992K, 25% used [0x00000000a5200000,0x00000000a6729aa0,0x00000000aa500000)
 Metaspace       used 12759K, capacity 12998K, committed 13312K, reserved 1060864K
  class space    used 1624K, capacity 1709K, committed 1792K, reserved 1048576K
}
Event: 20.504 GC heap before
{Heap before GC invocations=4 (full 1):
 PSYoungGen      total 27648K, used 24064K [0x00000000e1b80000, 0x00000000e5180000, 0x0000000100000000)
  eden space 24064K, 100% used [0x00000000e1b80000,0x00000000e3300000,0x00000000e3300000)
  from space 3584K, 0% used [0x00000000e4e00000,0x00000000e4e00000,0x00000000e5180000)
  to   space 3584K, 0% used [0x00000000e3300000,0x00000000e3300000,0x00000000e3680000)
 ParOldGen       total 84992K, used 21670K [0x00000000a5200000, 0x00000000aa500000, 0x00000000e1b80000)
  object space 84992K, 25% used [0x00000000a5200000,0x00000000a6729aa0,0x00000000aa500000)
 Metaspace       used 16567K, capacity 16760K, committed 17024K, reserved 1064960K
  class space    used 1994K, capacity 2063K, committed 2176K, reserved 1048576K
Event: 20.511 GC heap after
Heap after GC invocations=4 (full 1):
 PSYoungGen      total 27648K, used 3558K [0x00000000e1b80000, 0x00000000e4e80000, 0x0000000100000000)
  eden space 24064K, 0% used [0x00000000e1b80000,0x00000000e1b80000,0x00000000e3300000)
  from space 3584K, 99% used [0x00000000e3300000,0x00000000e3679bb0,0x00000000e3680000)
  to   space 3584K, 0% used [0x00000000e4b00000,0x00000000e4b00000,0x00000000e4e80000)
 ParOldGen       total 84992K, used 27010K [0x00000000a5200000, 0x00000000aa500000, 0x00000000e1b80000)
  object space 84992K, 31% used [0x00000000a5200000,0x00000000a6c609c8,0x00000000aa500000)
 Metaspace       used 16567K, capacity 16760K, committed 17024K, reserved 1064960K
  class space    used 1994K, capacity 2063K, committed 2176K, reserved 1048576K
}
Event: 22.921 GC heap before
{Heap before GC invocations=5 (full 1):
 PSYoungGen      total 27648K, used 27609K [0x00000000e1b80000, 0x00000000e4e80000, 0x0000000100000000)
  eden space 24064K, 99% used [0x00000000e1b80000,0x00000000e32fca80,0x00000000e3300000)
  from space 3584K, 99% used [0x00000000e3300000,0x00000000e3679bb0,0x00000000e3680000)
  to   space 3584K, 0% used [0x00000000e4b00000,0x00000000e4b00000,0x00000000e4e80000)
 ParOldGen       total 84992K, used 27010K [0x00000000a5200000, 0x00000000aa500000, 0x00000000e1b80000)
  object space 84992K, 31% used [0x00000000a5200000,0x00000000a6c609c8,0x00000000aa500000)
 Metaspace       used 18055K, capacity 18388K, committed 18816K, reserved 1064960K
  class space    used 2232K, capacity 2332K, committed 2432K, reserved 1048576K
Event: 22.936 GC heap after
Heap after GC invocations=5 (full 1):
 PSYoungGen      total 37376K, used 3560K [0x00000000e1b80000, 0x00000000e4e80000, 0x0000000100000000)
  eden space 33792K, 0% used [0x00000000e1b80000,0x00000000e1b80000,0x00000000e3c80000)
  from space 3584K, 99% used [0x00000000e4b00000,0x00000000e4e7a020,0x00000000e4e80000)
  to   space 3584K, 0% used [0x00000000e4780000,0x00000000e4780000,0x00000000e4b00000)
 ParOldGen       total 84992K, used 59157K [0x00000000a5200000, 0x00000000aa500000, 0x00000000e1b80000)
  object space 84992K, 69% used [0x00000000a5200000,0x00000000a8bc5638,0x00000000aa500000)
 Metaspace       used 18055K, capacity 18388K, committed 18816K, reserved 1064960K
  class space    used 2232K, capacity 2332K, committed 2432K, reserved 1048576K
}
Event: 22.936 GC heap before
{Heap before GC invocations=6 (full 2):
 PSYoungGen      total 37376K, used 3560K [0x00000000e1b80000, 0x00000000e4e80000, 0x0000000100000000)
  eden space 33792K, 0% used [0x00000000e1b80000,0x00000000e1b80000,0x00000000e3c80000)
  from space 3584K, 99% used [0x00000000e4b00000,0x00000000e4e7a020,0x00000000e4e80000)
  to   space 3584K, 0% used [0x00000000e4780000,0x00000000e4780000,0x00000000e4b00000)
 ParOldGen       total 84992K, used 59157K [0x00000000a5200000, 0x00000000aa500000, 0x00000000e1b80000)
  object space 84992K, 69% used [0x00000000a5200000,0x00000000a8bc5638,0x00000000aa500000)
 Metaspace       used 18055K, capacity 18388K, committed 18816K, reserved 1064960K
  class space    used 2232K, capacity 2332K, committed 2432K, reserved 1048576K
Event: 22.982 GC heap after
Heap after GC invocations=6 (full 2):
 PSYoungGen      total 37376K, used 0K [0x00000000e1b80000, 0x00000000e4e80000, 0x0000000100000000)
  eden space 33792K, 0% used [0x00000000e1b80000,0x00000000e1b80000,0x00000000e3c80000)
  from space 3584K, 0% used [0x00000000e4b00000,0x00000000e4b00000,0x00000000e4e80000)
  to   space 3584K, 0% used [0x00000000e4780000,0x00000000e4780000,0x00000000e4b00000)
 ParOldGen       total 131584K, used 36347K [0x00000000a5200000, 0x00000000ad280000, 0x00000000e1b80000)
  object space 131584K, 27% used [0x00000000a5200000,0x00000000a757eed8,0x00000000ad280000)
 Metaspace       used 18055K, capacity 18388K, committed 18816K, reserved 1064960K
  class space    used 2232K, capacity 2332K, committed 2432K, reserved 1048576K
}

Deoptimization events (10 events):
Event: 23.008 Thread 0x0000000018794000 Uncommon trap: reason=class_check action=maybe_recompile pc=0x00000000035da5e4 method=javax.swing.UIDefaults.getFromHashtable(Ljava/lang/Object;)Ljava/lang/Object; @ 92
Event: 23.038 Thread 0x0000000018bb9800 Uncommon trap: reason=class_check action=maybe_recompile pc=0x00000000034f77f0 method=sun.awt.image.ImageWatched.newInfo(Ljava/awt/Image;IIIII)V @ 13
Event: 23.038 Thread 0x0000000018bb9800 Uncommon trap: reason=class_check action=maybe_recompile pc=0x00000000034f77f0 method=sun.awt.image.ImageWatched.newInfo(Ljava/awt/Image;IIIII)V @ 13
Event: 23.038 Thread 0x0000000018bb9800 Uncommon trap: reason=class_check action=maybe_recompile pc=0x00000000034f77f0 method=sun.awt.image.ImageWatched.newInfo(Ljava/awt/Image;IIIII)V @ 13
Event: 23.038 Thread 0x0000000018bb9800 Uncommon trap: reason=class_check action=maybe_recompile pc=0x00000000034f77f0 method=sun.awt.image.ImageWatched.newInfo(Ljava/awt/Image;IIIII)V @ 13
Event: 23.434 Thread 0x0000000018794000 Uncommon trap: reason=unstable_if action=reinterpret pc=0x00000000033a2590 method=java.awt.MultipleGradientPaintContext.indexIntoGradientsArrays(F)I @ 24
Event: 23.643 Thread 0x0000000018bb9800 Uncommon trap: reason=bimorphic action=maybe_recompile pc=0x0000000003301a00 method=sun.awt.image.ImageDecoder.setPixels(IIIILjava/awt/image/ColorModel;[III)I @ 44
Event: 23.643 Thread 0x0000000018bb9800 Uncommon trap: reason=bimorphic action=maybe_recompile pc=0x0000000003301a00 method=sun.awt.image.ImageDecoder.setPixels(IIIILjava/awt/image/ColorModel;[III)I @ 44
Event: 23.643 Thread 0x0000000018bb9800 Uncommon trap: reason=bimorphic action=maybe_recompile pc=0x0000000003301a00 method=sun.awt.image.ImageDecoder.setPixels(IIIILjava/awt/image/ColorModel;[III)I @ 44
Event: 23.643 Thread 0x0000000018bb9800 Uncommon trap: reason=bimorphic action=maybe_recompile pc=0x0000000003301a00 method=sun.awt.image.ImageDecoder.setPixels(IIIILjava/awt/image/ColorModel;[III)I @ 44

Classes redefined (0 events):
No events

Internal exceptions (10 events):
Event: 1.140 Thread 0x000000000102d800 Exception <a 'java/lang/ClassNotFoundException': ToolBarSeparator> (0x00000000e26ddf88) thrown at [C:\re\workspace\8-2-build-windows-amd64-cygwin\jdk8u172\10810\hotspot\src\share\vm\classfile\systemDictionary.cpp, line 210]
Event: 1.140 Thread 0x000000000102d800 Exception <a 'java/lang/ClassNotFoundException': ToolTip> (0x00000000e26de6c8) thrown at [C:\re\workspace\8-2-build-windows-amd64-cygwin\jdk8u172\10810\hotspot\src\share\vm\classfile\systemDictionary.cpp, line 210]
Event: 1.143 Thread 0x000000000102d800 Exception <a 'java/lang/ClassNotFoundException': Tree> (0x00000000e26df2e8) thrown at [C:\re\workspace\8-2-build-windows-amd64-cygwin\jdk8u172\10810\hotspot\src\share\vm\classfile\systemDictionary.cpp, line 210]
Event: 1.144 Thread 0x000000000102d800 Exception <a 'java/lang/ClassNotFoundException': Tree> (0x00000000e26dfa28) thrown at [C:\re\workspace\8-2-build-windows-amd64-cygwin\jdk8u172\10810\hotspot\src\share\vm\classfile\systemDictionary.cpp, line 210]
Event: 1.144 Thread 0x000000000102d800 Exception <a 'java/lang/ClassNotFoundException': javax/swing/JTreeCell> (0x00000000e26dfda8) thrown at [C:\re\workspace\8-2-build-windows-amd64-cygwin\jdk8u172\10810\hotspot\src\share\vm\classfile\systemDictionary.cpp, line 210]
Event: 1.144 Thread 0x000000000102d800 Exception <a 'java/lang/ClassNotFoundException': TreeCell> (0x00000000e26e0230) thrown at [C:\re\workspace\8-2-build-windows-amd64-cygwin\jdk8u172\10810\hotspot\src\share\vm\classfile\systemDictionary.cpp, line 210]
Event: 1.144 Thread 0x000000000102d800 Exception <a 'java/lang/ClassNotFoundException': RootPane> (0x00000000e26e0aa8) thrown at [C:\re\workspace\8-2-build-windows-amd64-cygwin\jdk8u172\10810\hotspot\src\share\vm\classfile\systemDictionary.cpp, line 210]
Event: 2.728 Thread 0x0000000018794000 Exception <a 'java/io/FileNotFoundException'> (0x00000000e226d4e0) thrown at [C:\re\workspace\8-2-build-windows-amd64-cygwin\jdk8u172\10810\hotspot\src\share\vm\prims\jni.cpp, line 709]
Event: 3.522 Thread 0x0000000018794000 Exception <a 'java/io/FileNotFoundException'> (0x00000000e2397860) thrown at [C:\re\workspace\8-2-build-windows-amd64-cygwin\jdk8u172\10810\hotspot\src\share\vm\prims\jni.cpp, line 709]
Event: 3.802 Thread 0x0000000018812000 Implicit null exception at 0x000000000322e8e0 to 0x000000000322f3a9

Events (10 events):
Event: 23.643 Thread 0x0000000018bb9800 DEOPT UNPACKING pc=0x000000000303583b sp=0x000000001c78ee80 mode 2
Event: 23.643 Thread 0x0000000018bb9800 Uncommon trap: trap_request=0xffffffc6 fr.pc=0x0000000003301a00
Event: 23.643 Thread 0x0000000018bb9800 DEOPT PACKING pc=0x0000000003301a00 sp=0x000000001c78ef00
Event: 23.644 Thread 0x0000000018bb9800 DEOPT UNPACKING pc=0x000000000303583b sp=0x000000001c78ee80 mode 2
Event: 23.644 Executing VM operation: RevokeBias
Event: 23.644 Executing VM operation: RevokeBias done
Event: 23.644 Executing VM operation: RevokeBias
Event: 23.644 Executing VM operation: RevokeBias done
Event: 23.687 loading class javax/swing/event/AncestorEvent
Event: 23.687 loading class javax/swing/event/AncestorEvent done


Dynamic libraries:
0x00007ff6e5750000 - 0x00007ff6e5787000 	C:\Program Files\Java\jdk1.8.0_172\bin\java.exe
0x00007ffd03510000 - 0x00007ffd036f1000 	C:\WINDOWS\SYSTEM32\ntdll.dll
0x00007ffd01a90000 - 0x00007ffd01b42000 	C:\WINDOWS\System32\KERNEL32.DLL
0x00007ffd00620000 - 0x00007ffd00893000 	C:\WINDOWS\System32\KERNELBASE.dll
0x00007ffd03310000 - 0x00007ffd033b1000 	C:\WINDOWS\System32\ADVAPI32.dll
0x00007ffd033c0000 - 0x00007ffd0345e000 	C:\WINDOWS\System32\msvcrt.dll
0x00007ffd00a10000 - 0x00007ffd00a6b000 	C:\WINDOWS\System32\sechost.dll
0x00007ffd011b0000 - 0x00007ffd012d4000 	C:\WINDOWS\System32\RPCRT4.dll
0x00007ffd01900000 - 0x00007ffd01a90000 	C:\WINDOWS\System32\USER32.dll
0x00007ffd00600000 - 0x00007ffd00620000 	C:\WINDOWS\System32\win32u.dll
0x00007ffd012e0000 - 0x00007ffd01308000 	C:\WINDOWS\System32\GDI32.dll
0x00007ffcff940000 - 0x00007ffcffad2000 	C:\WINDOWS\System32\gdi32full.dll
0x00007ffd00370000 - 0x00007ffd0040f000 	C:\WINDOWS\System32\msvcp_win.dll
0x00007ffd008a0000 - 0x00007ffd0099a000 	C:\WINDOWS\System32\ucrtbase.dll
0x00007ffcf1530000 - 0x00007ffcf1799000 	C:\WINDOWS\WinSxS\amd64_microsoft.windows.common-controls_6595b64144ccf1df_6.0.17134.165_none_fb429645306569ac\COMCTL32.dll
0x00007ffd015d0000 - 0x00007ffd018f3000 	C:\WINDOWS\System32\combase.dll
0x00007ffcffb30000 - 0x00007ffcffbaa000 	C:\WINDOWS\System32\bcryptPrimitives.dll
0x00007ffd01090000 - 0x00007ffd010bd000 	C:\WINDOWS\System32\IMM32.DLL
0x0000000062c70000 - 0x0000000062d42000 	C:\Program Files\Java\jdk1.8.0_172\jre\bin\msvcr100.dll
0x00000000623c0000 - 0x0000000062c63000 	C:\Program Files\Java\jdk1.8.0_172\jre\bin\server\jvm.dll
0x00007ffd01420000 - 0x00007ffd01428000 	C:\WINDOWS\System32\PSAPI.DLL
0x00007ffcfd350000 - 0x00007ffcfd373000 	C:\WINDOWS\SYSTEM32\WINMM.dll
0x00007ffcfc1a0000 - 0x00007ffcfc1a9000 	C:\WINDOWS\SYSTEM32\WSOCK32.dll
0x00007ffcf45d0000 - 0x00007ffcf45da000 	C:\WINDOWS\SYSTEM32\VERSION.dll
0x00007ffd009a0000 - 0x00007ffd00a0c000 	C:\WINDOWS\System32\WS2_32.dll
0x00007ffcfd320000 - 0x00007ffcfd34a000 	C:\WINDOWS\SYSTEM32\winmmbase.dll
0x00007ffcffae0000 - 0x00007ffcffb29000 	C:\WINDOWS\System32\cfgmgr32.dll
0x0000000062f60000 - 0x0000000062f6f000 	C:\Program Files\Java\jdk1.8.0_172\jre\bin\verify.dll
0x0000000062f30000 - 0x0000000062f59000 	C:\Program Files\Java\jdk1.8.0_172\jre\bin\java.dll
0x0000000062f10000 - 0x0000000062f26000 	C:\Program Files\Java\jdk1.8.0_172\jre\bin\zip.dll
0x00007ffd01dc0000 - 0x00007ffd03200000 	C:\WINDOWS\System32\SHELL32.dll
0x00007ffd01310000 - 0x00007ffd013b9000 	C:\WINDOWS\System32\shcore.dll
0x00007ffcffbb0000 - 0x00007ffd002bd000 	C:\WINDOWS\System32\windows.storage.dll
0x00007ffd00ed0000 - 0x00007ffd00f21000 	C:\WINDOWS\System32\shlwapi.dll
0x00007ffcff870000 - 0x00007ffcff881000 	C:\WINDOWS\System32\kernel.appcore.dll
0x00007ffcff8b0000 - 0x00007ffcff8cf000 	C:\WINDOWS\System32\profapi.dll
0x00007ffcff820000 - 0x00007ffcff86c000 	C:\WINDOWS\System32\powrprof.dll
0x00007ffcff8d0000 - 0x00007ffcff8da000 	C:\WINDOWS\System32\FLTLIB.DLL
0x0000000062220000 - 0x00000000623b9000 	C:\Program Files\Java\jdk1.8.0_172\jre\bin\awt.dll
0x00007ffd01b50000 - 0x00007ffd01c12000 	C:\WINDOWS\System32\OLEAUT32.dll
0x00007ffcfde30000 - 0x00007ffcfdebb000 	C:\WINDOWS\SYSTEM32\apphelp.dll
0x00007ffcfdfb0000 - 0x00007ffcfdfd9000 	C:\WINDOWS\system32\DWMAPI.DLL
0x00007ffcfdee0000 - 0x00007ffcfdf78000 	C:\WINDOWS\system32\uxtheme.dll
0x00007ffce2ae0000 - 0x00007ffce2c00000 	C:\WINDOWS\system32\opengl32.dll
0x00007ffcfbca0000 - 0x00007ffcfbccc000 	C:\WINDOWS\SYSTEM32\GLU32.dll
0x00007ffd01c20000 - 0x00007ffd01d95000 	C:\WINDOWS\System32\MSCTF.dll
0x00007ffcf51e0000 - 0x00007ffcf5370000 	C:\Program Files (x86)\Stardock\Start10\Start10_64.dll
0x00007ffd00f30000 - 0x00007ffd01081000 	C:\WINDOWS\System32\ole32.dll
0x0000000062190000 - 0x00000000621d7000 	C:\Program Files\Java\jdk1.8.0_172\jre\bin\fontmanager.dll
0x0000000062ef0000 - 0x0000000062f0a000 	C:\Program Files\Java\jdk1.8.0_172\jre\bin\net.dll
0x00007ffcff0a0000 - 0x00007ffcff106000 	C:\WINDOWS\system32\mswsock.dll
0x0000000062ed0000 - 0x0000000062ee1000 	C:\Program Files\Java\jdk1.8.0_172\jre\bin\nio.dll
0x0000000062140000 - 0x0000000062182000 	C:\Program Files\Java\jdk1.8.0_172\jre\bin\t2k.dll
0x00007ffcf7e50000 - 0x00007ffcf7ee8000 	C:\WINDOWS\System32\TextInputFramework.dll
0x00007ffcfa9c0000 - 0x00007ffcfacde000 	C:\WINDOWS\System32\CoreUIComponents.dll
0x00007ffcfdc30000 - 0x00007ffcfdd0a000 	C:\WINDOWS\System32\CoreMessaging.dll
0x00007ffcfe910000 - 0x00007ffcfe941000 	C:\WINDOWS\SYSTEM32\ntmarta.dll
0x00007ffcfb9d0000 - 0x00007ffcfbb1d000 	C:\WINDOWS\SYSTEM32\wintypes.dll
0x00007ffd03270000 - 0x00007ffd03310000 	C:\WINDOWS\System32\clbcatq.dll
0x00007ffcfaf10000 - 0x00007ffcfb0be000 	C:\WINDOWS\SYSTEM32\WindowsCodecs.dll
0x00007ffce8ea0000 - 0x00007ffce8ef8000 	C:\WINDOWS\system32\dataexchange.dll
0x00007ffcfd380000 - 0x00007ffcfd68b000 	C:\WINDOWS\system32\d3d11.dll
0x00007ffcfd750000 - 0x00007ffcfd8ec000 	C:\WINDOWS\system32\dcomp.dll
0x00007ffcfe5e0000 - 0x00007ffcfe69b000 	C:\WINDOWS\system32\dxgi.dll
0x00007ffcfe090000 - 0x00007ffcfe248000 	C:\WINDOWS\system32\twinapi.appcore.dll
0x00007ffcfe250000 - 0x00007ffcfe271000 	C:\WINDOWS\system32\RMCLIENT.dll
0x0000000062110000 - 0x000000006213a000 	C:\Program Files\Java\jdk1.8.0_172\jre\bin\dcpr.dll
0x00007ffcfee60000 - 0x00007ffcfef1e000 	C:\WINDOWS\SYSTEM32\DNSAPI.dll
0x00007ffd03260000 - 0x00007ffd03268000 	C:\WINDOWS\System32\NSI.dll
0x00007ffcfee20000 - 0x00007ffcfee58000 	C:\WINDOWS\SYSTEM32\IPHLPAPI.DLL
0x00007ffcf53b0000 - 0x00007ffcf53ba000 	C:\Windows\System32\rasadhlp.dll
0x00007ffcf5bf0000 - 0x00007ffcf5c62000 	C:\WINDOWS\System32\fwpuclnt.dll
0x00007ffcff380000 - 0x00007ffcff3a5000 	C:\WINDOWS\SYSTEM32\bcrypt.dll

VM Arguments:
jvm_args: -Dfile.encoding=UTF-8 
java_command: Ventanas.JFLogin
java_class_path (initial): C:\Program Files\NetBeans 8.2\java\modules\ext\AbsoluteLayout.jar;C:\Program Files\NetBeans 8.2\ide\modules\ext\mysql-connector-java-5.1.23-bin.jar;C:\Users\Norberto\Desktop\Norberto\UTEC\Tercer Cuatrimestre\Integradora I\Java\Sistema_Java\StorePhoneDoctor\build\classes
Launcher Type: SUN_STANDARD

Environment Variables:
PATH=C:\Program Files (x86)\Common Files\Oracle\Java\javapath;C:\WINDOWS\system32;C:\WINDOWS;C:\WINDOWS\System32\Wbem;C:\WINDOWS\System32\WindowsPowerShell\v1.0\;C:\Program Files\Java\jdk1.8.0_172\bin;;C:\WINDOWS\System32\OpenSSH\;C:\Program Files (x86)\Brackets\command;C:\Program Files\MySQL\MySQL Utilities 1.6\;C:\Program Files\Microsoft VS Code\bin;C:\Users\Norberto\AppData\Local\Microsoft\WindowsApps;;C:\Program Files\Microsoft VS Code\bin
USERNAME=Norberto
OS=Windows_NT
PROCESSOR_IDENTIFIER=Intel64 Family 6 Model 37 Stepping 2, GenuineIntel



---------------  S Y S T E M  ---------------

OS: Windows 10.0 , 64 bit Build 17134 (10.0.17134.1)

CPU:total 4 (initial active 4) (2 cores per cpu, 2 threads per core) family 6 model 37 stepping 2, cmov, cx8, fxsr, mmx, sse, sse2, sse3, ssse3, sse4.1, sse4.2, popcnt, ht, tsc, tscinvbit

Memory: 4k page, physical 5954260k(994768k free), swap 5954260k(11500k free)

vm_info: Java HotSpot(TM) 64-Bit Server VM (25.172-b11) for windows-amd64 JRE (1.8.0_172-b11), built on Mar 28 2018 21:21:52 by "java_re" with MS VC++ 10.0 (VS2010)

time: Mon Aug 13 02:24:16 2018
elapsed time: 23 seconds (0d 0h 0m 23s)

